

Microchip MPLAB XC8 Assembler V2.36 build 20220127204148 
                                                                                               Tue Feb 11 14:46:18 2025

Microchip MPLAB XC8 C Compiler v2.36 (Free license) build 20220127204148 Og1 
     1                           	processor	16F628A
     2                           	pagewidth 120
     3                           	opt	flic
     4                           	psect	cinit,global,class=CODE,merge=1,delta=2
     5                           	psect	cstackCOMMON,global,class=COMMON,space=1,delta=1,noexec
     6                           	psect	maintext,global,class=CODE,split=1,delta=2
     7                           	psect	config,global,abs,ovrld,class=CONFIG,space=4,delta=2,noexec
     8                           	dabs	1,0x7E,2
     9  0000                     
    10                           ; Generated 12/10/2023 GMT
    11                           ; 
    12                           ; Copyright © 2023, Microchip Technology Inc. and its subsidiaries ("Microchip")
    13                           ; All rights reserved.
    14                           ; 
    15                           ; This software is developed by Microchip Technology Inc. and its subsidiaries ("Microch
      +                          ip").
    16                           ; 
    17                           ; Redistribution and use in source and binary forms, with or without modification, are
    18                           ; permitted provided that the following conditions are met:
    19                           ; 
    20                           ;     1. Redistributions of source code must retain the above copyright notice, this lis
      +                          t of
    21                           ;        conditions and the following disclaimer.
    22                           ; 
    23                           ;     2. Redistributions in binary form must reproduce the above copyright notice, this 
      +                          list
    24                           ;        of conditions and the following disclaimer in the documentation and/or other
    25                           ;        materials provided with the distribution. Publication is not required when
    26                           ;        this file is used in an embedded application.
    27                           ; 
    28                           ;     3. Microchip's name may not be used to endorse or promote products derived from th
      +                          is
    29                           ;        software without specific prior written permission.
    30                           ; 
    31                           ; THIS SOFTWARE IS PROVIDED BY MICROCHIP "AS IS" AND ANY EXPRESS OR IMPLIED WARRANTIES,
    32                           ; INCLUDING, BUT NOT LIMITED TO, THE IMPLIED WARRANTIES OF MERCHANTABILITY AND FITNESS F
      +                          OR
    33                           ; PURPOSE ARE DISCLAIMED.  IN NO EVENT SHALL MICROCHIP BE LIABLE FOR ANY DIRECT, INDIREC
      +                          T,
    34                           ; INCIDENTAL, SPECIAL, EXEMPLARY, OR CONSEQUENTIAL DAMAGES (INCLUDING BUT NOT LIMITED TO
    35                           ; PROCUREMENT OF SUBSTITUTE GOODS OR SERVICES; LOSS OF USE, DATA OR PROFITS; OR BUSINESS
    36                           ; INTERRUPTION) HOWSOEVER CAUSED AND ON ANY THEORY OF LIABILITY, WHETHER IN CONTRACT, ST
      +                          RICT
    37                           ; LIABILITY, OR TORT (INCLUDING NEGLIGENCE OR OTHERWISE) ARISING IN ANY WAY OUT OF THE U
      +                          SE OF
    38                           ; THIS SOFTWARE, EVEN IF ADVISED OF THE POSSIBILITY OF SUCH DAMAGE.
    39                           ; 
    40                           ; 
    41                           ; Code-generator required, PIC16F628A Definitions
    42                           ; 
    43                           ; SFR Addresses
    44  0000                     	;# 
    45  0001                     	;# 
    46  0002                     	;# 
    47  0003                     	;# 
    48  0004                     	;# 
    49  0005                     	;# 
    50  0006                     	;# 
    51  000A                     	;# 
    52  000B                     	;# 
    53  000C                     	;# 
    54  000E                     	;# 
    55  000E                     	;# 
    56  000F                     	;# 
    57  0010                     	;# 
    58  0011                     	;# 
    59  0012                     	;# 
    60  0015                     	;# 
    61  0015                     	;# 
    62  0016                     	;# 
    63  0017                     	;# 
    64  0018                     	;# 
    65  0019                     	;# 
    66  001A                     	;# 
    67  001F                     	;# 
    68  0081                     	;# 
    69  0085                     	;# 
    70  0086                     	;# 
    71  008C                     	;# 
    72  008E                     	;# 
    73  0092                     	;# 
    74  0098                     	;# 
    75  0099                     	;# 
    76  009A                     	;# 
    77  009B                     	;# 
    78  009C                     	;# 
    79  009D                     	;# 
    80  009F                     	;# 
    81  0000                     	;# 
    82  0001                     	;# 
    83  0002                     	;# 
    84  0003                     	;# 
    85  0004                     	;# 
    86  0005                     	;# 
    87  0006                     	;# 
    88  000A                     	;# 
    89  000B                     	;# 
    90  000C                     	;# 
    91  000E                     	;# 
    92  000E                     	;# 
    93  000F                     	;# 
    94  0010                     	;# 
    95  0011                     	;# 
    96  0012                     	;# 
    97  0015                     	;# 
    98  0015                     	;# 
    99  0016                     	;# 
   100  0017                     	;# 
   101  0018                     	;# 
   102  0019                     	;# 
   103  001A                     	;# 
   104  001F                     	;# 
   105  0081                     	;# 
   106  0085                     	;# 
   107  0086                     	;# 
   108  008C                     	;# 
   109  008E                     	;# 
   110  0092                     	;# 
   111  0098                     	;# 
   112  0099                     	;# 
   113  009A                     	;# 
   114  009B                     	;# 
   115  009C                     	;# 
   116  009D                     	;# 
   117  009F                     	;# 
   118  0006                     _PORTBbits	set	6
   119  0086                     _TRISBbits	set	134
   120                           
   121                           	psect	cinit
   122  07FE                     start_initialization:	
   123                           ; #config settings
   124                           
   125  07FE                     __initialization:
   126  07FE                     end_of_initialization:	
   127                           ;End of C runtime variable initialization code
   128                           
   129  07FE                     __end_of__initialization:
   130  07FE  0183               	clrf	3
   131  07FF  2FD6               	ljmp	_main	;jump to C main() function
   132                           
   133                           	psect	cstackCOMMON
   134  0070                     __pcstackCOMMON:
   135  0070                     ?_main:
   136  0070                     ??_main:	
   137                           ; 1 bytes @ 0x0
   138                           
   139                           
   140                           ; 1 bytes @ 0x0
   141  0070                     	ds	3
   142                           
   143                           	psect	maintext
   144  07D6                     __pmaintext:	
   145 ;;
   146 ;;Main: autosize = 0, tempsize = 3, incstack = 0, save=0
   147 ;;
   148 ;; *************** function _main *****************
   149 ;; Defined at:
   150 ;;		line 27 in file "main.c"
   151 ;; Parameters:    Size  Location     Type
   152 ;;		None
   153 ;; Auto vars:     Size  Location     Type
   154 ;;		None
   155 ;; Return value:  Size  Location     Type
   156 ;;                  1    wreg      void 
   157 ;; Registers used:
   158 ;;		wreg
   159 ;; Tracked objects:
   160 ;;		On entry : B00/0
   161 ;;		On exit  : 0/0
   162 ;;		Unchanged: 0/0
   163 ;; Data sizes:     COMMON   BANK0   BANK1   BANK2
   164 ;;      Params:         0       0       0       0
   165 ;;      Locals:         0       0       0       0
   166 ;;      Temps:          3       0       0       0
   167 ;;      Totals:         3       0       0       0
   168 ;;Total ram usage:        3 bytes
   169 ;; This function calls:
   170 ;;		Nothing
   171 ;; This function is called by:
   172 ;;		Startup code after reset
   173 ;; This function uses a non-reentrant model
   174 ;;
   175                           
   176  07D6                     _main:	
   177                           ;psect for function _main
   178                           
   179  07D6                     l606:	
   180                           ;incstack = 0
   181                           ; Regs used in _main: [wreg]
   182                           
   183                           
   184                           ;main.c: 37:     TRISBbits.TRISB6 = 0;
   185  07D6  1683               	bsf	3,5	;RP0=1, select bank1
   186  07D7  1303               	bcf	3,6	;RP1=0, select bank1
   187  07D8  1306               	bcf	6,6	;volatile
   188                           
   189                           ;main.c: 41:     PORTBbits.RB6 = 0;
   190  07D9  1283               	bcf	3,5	;RP0=0, select bank0
   191  07DA  1303               	bcf	3,6	;RP1=0, select bank0
   192  07DB  1306               	bcf	6,6	;volatile
   193  07DC                     l11:	
   194                           ;main.c: 46:     while(1){
   195                           
   196                           
   197                           ;main.c: 48:         PORTBbits.RB6 = 1;
   198  07DC  1283               	bcf	3,5	;RP0=0, select bank0
   199  07DD  1303               	bcf	3,6	;RP1=0, select bank0
   200  07DE  1706               	bsf	6,6	;volatile
   201  07DF                     l608:
   202                           
   203                           ;main.c: 52:         _delay((unsigned long)((3000)*(16000000/4000.0)));
   204  07DF  303D               	movlw	61
   205  07E0  00F2               	movwf	??_main+2
   206  07E1  30E1               	movlw	225
   207  07E2  00F1               	movwf	??_main+1
   208  07E3  303F               	movlw	63
   209  07E4  00F0               	movwf	??_main
   210  07E5                     u17:
   211  07E5  0BF0               	decfsz	??_main,f
   212  07E6  2FE5               	goto	u17
   213  07E7  0BF1               	decfsz	??_main+1,f
   214  07E8  2FE5               	goto	u17
   215  07E9  0BF2               	decfsz	??_main+2,f
   216  07EA  2FE5               	goto	u17
   217  07EB  2FEC               	nop2
   218  07EC                     l610:
   219                           
   220                           ;main.c: 55:         PORTBbits.RB6 = 0;
   221  07EC  1283               	bcf	3,5	;RP0=0, select bank0
   222  07ED  1303               	bcf	3,6	;RP1=0, select bank0
   223  07EE  1306               	bcf	6,6	;volatile
   224                           
   225                           ;main.c: 59:         _delay((unsigned long)((3000)*(16000000/4000.0)));
   226  07EF  303D               	movlw	61
   227  07F0  00F2               	movwf	??_main+2
   228  07F1  30E1               	movlw	225
   229  07F2  00F1               	movwf	??_main+1
   230  07F3  303F               	movlw	63
   231  07F4  00F0               	movwf	??_main
   232  07F5                     u27:
   233  07F5  0BF0               	decfsz	??_main,f
   234  07F6  2FF5               	goto	u27
   235  07F7  0BF1               	decfsz	??_main+1,f
   236  07F8  2FF5               	goto	u27
   237  07F9  0BF2               	decfsz	??_main+2,f
   238  07FA  2FF5               	goto	u27
   239  07FB  2FFC               	nop2
   240  07FC  2FDC               	goto	l11
   241  07FD  2800               	ljmp	start
   242  07FE                     __end_of_main:
   243  007E                     btemp	set	126	;btemp
   244  007E                     wtemp0	set	126
   245                           
   246                           	psect	config
   247                           
   248                           ;Config register CONFIG @ 0x2007
   249                           ;	Oscillator Selection bits
   250                           ;	FOSC = XT, XT oscillator: Crystal/resonator on RA6/OSC2/CLKOUT and RA7/OSC1/CLKIN
   251                           ;	Watchdog Timer Enable bit
   252                           ;	WDTE = OFF, WDT disabled
   253                           ;	Power-up Timer Enable bit
   254                           ;	PWRTE = ON, PWRT enabled
   255                           ;	RA5/MCLR/VPP Pin Function Select bit
   256                           ;	MCLRE = ON, RA5/MCLR/VPP pin function is MCLR
   257                           ;	Brown-out Detect Enable bit
   258                           ;	BOREN = OFF, BOD disabled
   259                           ;	Low-Voltage Programming Enable bit
   260                           ;	LVP = OFF, RB4/PGM pin has digital I/O function, HV on MCLR must be used for programmi
      +                          ng
   261                           ;	Data EE Memory Code Protection bit
   262                           ;	CPD = OFF, Data memory code protection off
   263                           ;	Flash Program Memory Code Protection bit
   264                           ;	CP = OFF, Code protection off
   265  2007                     	org	8199
   266  2007  3F21               	dw	16161

Data Sizes:
    Strings     0
    Constant    0
    Data        0
    BSS         0
    Persistent  0
    Stack       0

Auto Spaces:
    Space          Size  Autos    Used
    COMMON           14      3       3
    BANK0            80      0       0
    BANK1            80      0       0
    BANK2            48      0       0

Pointer List with Targets:

    None.

Critical Paths under _main in COMMON

    None.

Critical Paths under _main in BANK0

    None.

Critical Paths under _main in BANK1

    None.

Critical Paths under _main in BANK2

    None.

Call Graph Tables:

 ---------------------------------------------------------------------------------
 (Depth) Function   	        Calls       Base Space   Used Autos Params    Refs
 ---------------------------------------------------------------------------------
 (0) _main                                                 3     3      0       0
                                              0 COMMON     3     3      0
 ---------------------------------------------------------------------------------
 Estimated maximum stack depth 0
 ---------------------------------------------------------------------------------

 Call Graph Graphs:

 _main (ROOT)

 Address spaces:
Name               Size   Autos  Total    Cost      Usage
BITCOMMON            E      0       0       0        0.0%
EEDATA              80      0       0       0        0.0%
NULL                 0      0       0       0        0.0%
CODE                 0      0       0       0        0.0%
COMMON               E      3       3       1       21.4%
BITSFR0              0      0       0       1        0.0%
SFR0                 0      0       0       1        0.0%
BITSFR1              0      0       0       2        0.0%
SFR1                 0      0       0       2        0.0%
STACK                0      0       0       2        0.0%
BANK0               50      0       0       3        0.0%
BITSFR3              0      0       0       4        0.0%
SFR3                 0      0       0       4        0.0%
ABS                  0      0       0       4        0.0%
BITBANK0            50      0       0       5        0.0%
BITSFR2              0      0       0       5        0.0%
SFR2                 0      0       0       5        0.0%
BITBANK1            50      0       0       6        0.0%
BANK1               50      0       0       7        0.0%
BITBANK2            30      0       0       8        0.0%
BANK2               30      0       0       9        0.0%
DATA                 0      0       0      10        0.0%


Microchip Technology PIC Macro Assembler V2.36 build 20220127204148 
Symbol Table                                                                                   Tue Feb 11 14:46:18 2025

                     l11 07DC                       u17 07E5                       u27 07F5  
                    l610 07EC                      l606 07D6                      l608 07DF  
                   _main 07D6                     btemp 007E                     start 0000  
                  ?_main 0070                    status 0003                    wtemp0 007E  
        __initialization 07FE             __end_of_main 07FE                   ??_main 0070  
__end_of__initialization 07FE           __pcstackCOMMON 0070               __pmaintext 07D6  
   end_of_initialization 07FE                _PORTBbits 0006                _TRISBbits 0086  
    start_initialization 07FE                ___latbits 0000  
